Determining if the pthread_create exist failed with the following output:
Change Dir: /home/mathias/try/catkin_ws/build/CMakeFiles/CMakeTmp

Run Build Command:"/usr/bin/make" "cmTC_f7a2e/fast"
/usr/bin/make -f CMakeFiles/cmTC_f7a2e.dir/build.make CMakeFiles/cmTC_f7a2e.dir/build
make[1] : on entre dans le répertoire « /home/mathias/try/catkin_ws/build/CMakeFiles/CMakeTmp »
Building C object CMakeFiles/cmTC_f7a2e.dir/CheckSymbolExists.c.o
/usr/bin/cc     -o CMakeFiles/cmTC_f7a2e.dir/CheckSymbolExists.c.o   -c /home/mathias/try/catkin_ws/build/CMakeFiles/CMakeTmp/CheckSymbolExists.c
Linking C executable cmTC_f7a2e
/usr/bin/cmake -E cmake_link_script CMakeFiles/cmTC_f7a2e.dir/link.txt --verbose=1
/usr/bin/cc       CMakeFiles/cmTC_f7a2e.dir/CheckSymbolExists.c.o  -o cmTC_f7a2e -rdynamic 
CMakeFiles/cmTC_f7a2e.dir/CheckSymbolExists.c.o : Dans la fonction « main » :
CheckSymbolExists.c:(.text+0x16) : référence indéfinie vers « pthread_create »
collect2: error: ld returned 1 exit status
CMakeFiles/cmTC_f7a2e.dir/build.make:97 : la recette pour la cible « cmTC_f7a2e » a échouée
make[1]: *** [cmTC_f7a2e] Erreur 1
make[1] : on quitte le répertoire « /home/mathias/try/catkin_ws/build/CMakeFiles/CMakeTmp »
Makefile:126 : la recette pour la cible « cmTC_f7a2e/fast » a échouée
make: *** [cmTC_f7a2e/fast] Erreur 2

File /home/mathias/try/catkin_ws/build/CMakeFiles/CMakeTmp/CheckSymbolExists.c:
/* */
#include <pthread.h>

int main(int argc, char** argv)
{
  (void)argv;
#ifndef pthread_create
  return ((int*)(&pthread_create))[argc];
#else
  (void)argc;
  return 0;
#endif
}

Determining if the function pthread_create exists in the pthreads failed with the following output:
Change Dir: /home/mathias/try/catkin_ws/build/CMakeFiles/CMakeTmp

Run Build Command:"/usr/bin/make" "cmTC_e89d2/fast"
/usr/bin/make -f CMakeFiles/cmTC_e89d2.dir/build.make CMakeFiles/cmTC_e89d2.dir/build
make[1] : on entre dans le répertoire « /home/mathias/try/catkin_ws/build/CMakeFiles/CMakeTmp »
Building C object CMakeFiles/cmTC_e89d2.dir/CheckFunctionExists.c.o
/usr/bin/cc    -DCHECK_FUNCTION_EXISTS=pthread_create   -o CMakeFiles/cmTC_e89d2.dir/CheckFunctionExists.c.o   -c /usr/share/cmake-3.5/Modules/CheckFunctionExists.c
Linking C executable cmTC_e89d2
/usr/bin/cmake -E cmake_link_script CMakeFiles/cmTC_e89d2.dir/link.txt --verbose=1
/usr/bin/cc   -DCHECK_FUNCTION_EXISTS=pthread_create    CMakeFiles/cmTC_e89d2.dir/CheckFunctionExists.c.o  -o cmTC_e89d2 -rdynamic -lpthreads 
/usr/bin/ld : ne peut trouver -lpthreads
collect2: error: ld returned 1 exit status
CMakeFiles/cmTC_e89d2.dir/build.make:97 : la recette pour la cible « cmTC_e89d2 » a échouée
make[1]: *** [cmTC_e89d2] Erreur 1
make[1] : on quitte le répertoire « /home/mathias/try/catkin_ws/build/CMakeFiles/CMakeTmp »
Makefile:126 : la recette pour la cible « cmTC_e89d2/fast » a échouée
make: *** [cmTC_e89d2/fast] Erreur 2


